Using pre-set license
Built from '2020.3/staging' branch; Version is '2020.3.11f1 (99c7afb366b3) revision 10078127'; Using compiler version '192528614'; Build Type 'Release'
OS: 'Windows 10 Enterprise; OS build 18363.1734; Version 1909; 64bit' Language: 'en' Physical Memory: 32568 MB
BatchMode: 1, IsHumanControllingUs: 0, StartBugReporterOnCrash: 0, Is64bit: 1, IsPro: 0

 COMMAND LINE ARGUMENTS:
C:\Program Files\Unity2\Editor\Unity.exe
-adb2
-batchMode
-noUpm
-name
AssetImportWorker0
-projectPath
C:/Users/Sarahhart777/Documents/GitHub/MiniGame/MiniGame
-logFile
Logs/AssetImportWorker0.log
-srvPort
63581
Successfully changed project path to: C:/Users/Sarahhart777/Documents/GitHub/MiniGame/MiniGame
C:/Users/Sarahhart777/Documents/GitHub/MiniGame/MiniGame
Using Asset Import Pipeline V2.
Refreshing native plugins compatible for Editor in 21.19 ms, found 2 plugins.
Preloading 0 native plugins for Editor in 0.00 ms.
Initialize engine version: 2020.3.11f1 (99c7afb366b3)
[Subsystems] Discovering subsystems at path C:/Program Files/Unity2/Editor/Data/Resources/UnitySubsystems
[Subsystems] Discovering subsystems at path C:/Users/Sarahhart777/Documents/GitHub/MiniGame/MiniGame/Assets
GfxDevice: creating device client; threaded=0
Direct3D:
    Version:  Direct3D 11.0 [level 11.1]
    Renderer: NVIDIA GeForce RTX 2070 SUPER (ID=0x1e84)
    Vendor:   
    VRAM:     8011 MB
    Driver:   27.21.14.5167
Initialize mono
Mono path[0] = 'C:/Program Files/Unity2/Editor/Data/Managed'
Mono path[1] = 'C:/Program Files/Unity2/Editor/Data/MonoBleedingEdge/lib/mono/unityjit'
Mono config path = 'C:/Program Files/Unity2/Editor/Data/MonoBleedingEdge/etc'
Using monoOptions --debugger-agent=transport=dt_socket,embedding=1,server=y,suspend=n,address=127.0.0.1:56176
Begin MonoManager ReloadAssembly
Registering precompiled unity dll's ...
Register platform support module: C:/Program Files/Unity2/Editor/Data/PlaybackEngines/WindowsStandaloneSupport/UnityEditor.WindowsStandalone.Extensions.dll
Registered in 0.000883 seconds.
Native extension for WindowsStandalone target not found
Refreshing native plugins compatible for Editor in 20.96 ms, found 2 plugins.
Preloading 0 native plugins for Editor in 0.00 ms.
Mono: successfully reloaded assembly
- Completed reload, in  0.652 seconds
Platform modules already initialized, skipping
Registering precompiled user dll's ...
Registered in 0.002187 seconds.
Begin MonoManager ReloadAssembly
Native extension for WindowsStandalone target not found
Refreshing native plugins compatible for Editor in 0.26 ms, found 2 plugins.
Preloading 0 native plugins for Editor in 0.00 ms.
Mono: successfully reloaded assembly
- Completed reload, in  0.710 seconds
Platform modules already initialized, skipping
========================================================================
Worker process is ready to serve import requests
Launched and connected shader compiler UnityShaderCompiler.exe after 0.03 seconds
Refreshing native plugins compatible for Editor in 0.25 ms, found 2 plugins.
Preloading 0 native plugins for Editor in 0.00 ms.
Unloading 1389 Unused Serialized files (Serialized files now loaded: 0)
System memory in use before: 65.2 MB.
System memory in use after: 65.3 MB.

Unloading 19 unused Assets to reduce memory usage. Loaded Objects now: 1823.
Total: 1.425500 ms (FindLiveObjects: 0.117700 ms CreateObjectMapping: 0.036300 ms MarkObjects: 1.211400 ms  DeleteObjects: 0.059000 ms)

========================================================================
Received Import Request.
  path: Assets/Scenes
  artifactKey: Guid(e2bbe6e2cb1a91b41936b0ca7d8132c2) Importer(815301076,1909f56bfc062723c751e8b465ee728b)
Start importing Assets/Scenes using Guid(e2bbe6e2cb1a91b41936b0ca7d8132c2) Importer(815301076,1909f56bfc062723c751e8b465ee728b)  -> (artifact id: 'ee0104a409dc3d8f3a63132c7085a958') in 0.005942 seconds
  Import took 0.007483 seconds .

========================================================================
Received Import Request.
  Time since last request: 109.135758 seconds.
  path: Assets/Scripts/PLSWork.cs
  artifactKey: Guid(7827685ecb37b544d81cf618499b7fb9) Importer(815301076,1909f56bfc062723c751e8b465ee728b)
Start importing Assets/Scripts/PLSWork.cs using Guid(7827685ecb37b544d81cf618499b7fb9) Importer(815301076,1909f56bfc062723c751e8b465ee728b)  -> (artifact id: 'df86cbe2b314b90c6051fe07eb3889e5') in 0.014326 seconds
  Import took 0.015976 seconds .

========================================================================
Received Prepare
Registering precompiled user dll's ...
Registered in 0.002056 seconds.
Begin MonoManager ReloadAssembly
Native extension for WindowsStandalone target not found
Refreshing native plugins compatible for Editor in 0.26 ms, found 2 plugins.
Preloading 0 native plugins for Editor in 0.00 ms.
Mono: successfully reloaded assembly
- Completed reload, in  0.677 seconds
Platform modules already initialized, skipping
Refreshing native plugins compatible for Editor in 0.26 ms, found 2 plugins.
Preloading 0 native plugins for Editor in 0.00 ms.
Unloading 1384 Unused Serialized files (Serialized files now loaded: 0)
System memory in use before: 65.1 MB.
System memory in use after: 65.2 MB.

Unloading 14 unused Assets to reduce memory usage. Loaded Objects now: 1827.
Total: 1.376400 ms (FindLiveObjects: 0.116900 ms CreateObjectMapping: 0.037100 ms MarkObjects: 1.185600 ms  DeleteObjects: 0.035900 ms)

========================================================================
Received Import Request.
  Time since last request: 54.770897 seconds.
  path: Assets/Scripts/PLSWork.cs
  artifactKey: Guid(7827685ecb37b544d81cf618499b7fb9) Importer(815301076,1909f56bfc062723c751e8b465ee728b)
Start importing Assets/Scripts/PLSWork.cs using Guid(7827685ecb37b544d81cf618499b7fb9) Importer(815301076,1909f56bfc062723c751e8b465ee728b)  -> (artifact id: '1a70a6e67590543b3edd3c2067078f77') in 0.005787 seconds
  Import took 0.007542 seconds .

========================================================================
Received Import Request.
  Time since last request: 536.202332 seconds.
  path: Assets/Scripts/PLSWork.cs
  artifactKey: Guid(7827685ecb37b544d81cf618499b7fb9) Importer(815301076,1909f56bfc062723c751e8b465ee728b)
Start importing Assets/Scripts/PLSWork.cs using Guid(7827685ecb37b544d81cf618499b7fb9) Importer(815301076,1909f56bfc062723c751e8b465ee728b)  -> (artifact id: 'f651995db33006e912e0a50e820c40ae') in 0.001732 seconds
  Import took 0.004094 seconds .

========================================================================
Received Import Request.
  Time since last request: 0.000348 seconds.
  path: Assets/Scripts/PLSWork.cs
  artifactKey: Guid(7827685ecb37b544d81cf618499b7fb9) Importer(815301076,1909f56bfc062723c751e8b465ee728b)
Start importing Assets/Scripts/PLSWork.cs using Guid(7827685ecb37b544d81cf618499b7fb9) Importer(815301076,1909f56bfc062723c751e8b465ee728b)  -> (artifact id: 'f651995db33006e912e0a50e820c40ae') in 0.001898 seconds
  Import took 0.003465 seconds .

========================================================================
Received Prepare
Registering precompiled user dll's ...
Registered in 0.002069 seconds.
Begin MonoManager ReloadAssembly
Native extension for WindowsStandalone target not found
Refreshing native plugins compatible for Editor in 0.26 ms, found 2 plugins.
Preloading 0 native plugins for Editor in 0.00 ms.
Mono: successfully reloaded assembly
- Completed reload, in  0.660 seconds
Platform modules already initialized, skipping
Refreshing native plugins compatible for Editor in 0.25 ms, found 2 plugins.
Preloading 0 native plugins for Editor in 0.00 ms.
Unloading 1383 Unused Serialized files (Serialized files now loaded: 0)
System memory in use before: 65.1 MB.
System memory in use after: 65.2 MB.

Unloading 15 unused Assets to reduce memory usage. Loaded Objects now: 1829.
Total: 1.362200 ms (FindLiveObjects: 0.112900 ms CreateObjectMapping: 0.034000 ms MarkObjects: 1.177700 ms  DeleteObjects: 0.036900 ms)

========================================================================
Received Import Request.
  Time since last request: 23.049868 seconds.
  path: Assets/Scripts/Box.cs
  artifactKey: Guid(5f8e4db8b579ac24fa2d669bd54eb0f2) Importer(815301076,1909f56bfc062723c751e8b465ee728b)
Start importing Assets/Scripts/Box.cs using Guid(5f8e4db8b579ac24fa2d669bd54eb0f2) Importer(815301076,1909f56bfc062723c751e8b465ee728b)  -> (artifact id: 'b086a9718224bd0798ec6e9ba5848991') in 0.006241 seconds
  Import took 0.007956 seconds .

========================================================================
Received Import Request.
  Time since last request: 0.018886 seconds.
  path: Assets/Scripts/Box.cs
  artifactKey: Guid(5f8e4db8b579ac24fa2d669bd54eb0f2) Importer(815301076,1909f56bfc062723c751e8b465ee728b)
Start importing Assets/Scripts/Box.cs using Guid(5f8e4db8b579ac24fa2d669bd54eb0f2) Importer(815301076,1909f56bfc062723c751e8b465ee728b)  -> (artifact id: 'b086a9718224bd0798ec6e9ba5848991') in 0.001410 seconds
  Import took 0.003057 seconds .

========================================================================
Received Import Request.
  Time since last request: 17.544860 seconds.
  path: Assets/Scripts/StartGame.cs
  artifactKey: Guid(5d38444107abe38418ed37a130f6f9f4) Importer(815301076,1909f56bfc062723c751e8b465ee728b)
Start importing Assets/Scripts/StartGame.cs using Guid(5d38444107abe38418ed37a130f6f9f4) Importer(815301076,1909f56bfc062723c751e8b465ee728b)  -> (artifact id: '6bc76645e18022256fb309b23b92bab3') in 0.001480 seconds
  Import took 0.003154 seconds .

========================================================================
Received Import Request.
  Time since last request: 561.447945 seconds.
  path: Assets/Scripts/Box.cs
  artifactKey: Guid(5f8e4db8b579ac24fa2d669bd54eb0f2) Importer(815301076,1909f56bfc062723c751e8b465ee728b)
Start importing Assets/Scripts/Box.cs using Guid(5f8e4db8b579ac24fa2d669bd54eb0f2) Importer(815301076,1909f56bfc062723c751e8b465ee728b)  -> (artifact id: '530db03383ea33e412a4b3063f1e9210') in 0.001490 seconds
  Import took 0.003437 seconds .

========================================================================
Received Import Request.
  Time since last request: 4.754491 seconds.
  path: Assets/Scripts/BoxRay.cs
  artifactKey: Guid(5f8e4db8b579ac24fa2d669bd54eb0f2) Importer(815301076,1909f56bfc062723c751e8b465ee728b)
Start importing Assets/Scripts/BoxRay.cs using Guid(5f8e4db8b579ac24fa2d669bd54eb0f2) Importer(815301076,1909f56bfc062723c751e8b465ee728b)  -> (artifact id: 'a2d0a1d27d58d4a266bdaef06709ed32') in 0.005159 seconds
  Import took 0.006943 seconds .

========================================================================
Received Import Request.
  Time since last request: 163.327648 seconds.
  path: Assets/Scripts/BoxRay.cs
  artifactKey: Guid(5f8e4db8b579ac24fa2d669bd54eb0f2) Importer(815301076,1909f56bfc062723c751e8b465ee728b)
Start importing Assets/Scripts/BoxRay.cs using Guid(5f8e4db8b579ac24fa2d669bd54eb0f2) Importer(815301076,1909f56bfc062723c751e8b465ee728b)  -> (artifact id: 'f6b0a11edfe7b3a873b4d5bcda550302') in 0.001943 seconds
  Import took 0.003625 seconds .

AssetImportWorkerClient::OnTransportError - code=2 error=End of file
